INFO [2025-05-20 23:43:41,284]: Scan directory: 'G:\Dev\year2\course_1\homeworks\homework-07'
INFO [2025-05-20 23:43:41,285]: name = 'dir-01' | ext = '' | dir = 'True' | parent = 'homework-07'
INFO [2025-05-20 23:43:41,285]: name = 'dir-02' | ext = '' | dir = 'True' | parent = 'homework-07'
INFO [2025-05-20 23:43:41,285]: name = 'dir-03' | ext = '' | dir = 'True' | parent = 'homework-07'
INFO [2025-05-20 23:43:41,285]: name = 'work1' | ext = 'py' | dir = 'False' | parent = 'homework-07'
INFO [2025-05-20 23:43:41,285]: name = 'work2' | ext = 'py' | dir = 'False' | parent = 'homework-07'
INFO [2025-05-20 23:43:41,285]: name = 'work3' | ext = 'py' | dir = 'False' | parent = 'homework-07'
INFO [2025-05-20 23:43:41,285]: name = 'work4' | ext = 'py' | dir = 'False' | parent = 'homework-07'
INFO [2025-05-20 23:43:41,286]: name = 'JDBC' | ext = 'md' | dir = 'False' | parent = 'dir-01'
INFO [2025-05-20 23:43:41,286]: name = 'test-dir' | ext = '' | dir = 'True' | parent = 'dir-01'
INFO [2025-05-20 23:43:41,286]: name = 'work1' | ext = 'py' | dir = 'False' | parent = 'dir-01'
INFO [2025-05-20 23:43:41,287]: name = 'work2' | ext = 'py' | dir = 'False' | parent = 'dir-01'
INFO [2025-05-20 23:43:41,287]: name = 'work3' | ext = 'py' | dir = 'False' | parent = 'dir-01'
INFO [2025-05-20 23:43:41,287]: name = 'reserved' | ext = 'zip' | dir = 'False' | parent = 'dir-02'
INFO [2025-05-20 23:43:41,287]: name = 'new-file' | ext = 'txt' | dir = 'False' | parent = 'dir-03'
INFO [2025-05-20 23:43:41,287]: name = 'work2' | ext = 'py' | dir = 'False' | parent = 'dir-03'
INFO [2025-05-20 23:43:41,287]: name = 'work3' | ext = 'py' | dir = 'False' | parent = 'dir-03'
INFO [2025-05-20 23:43:41,288]: name = 'kafka' | ext = 'md' | dir = 'False' | parent = 'test-dir'
INFO [2025-05-20 23:43:41,288]: name = 'work1' | ext = 'py' | dir = 'False' | parent = 'test-dir'
INFO [2025-05-20 23:43:42,861]: Scan directory: 'G:\Dev\year2\course_1\homeworks\homework-15-attestat'
INFO [2025-05-20 23:43:42,863]: name = 'debug_info' | ext = 'log' | dir = 'False' | parent = 'homework-15-attestat'
INFO [2025-05-20 23:43:42,863]: name = 'testdir' | ext = '' | dir = 'True' | parent = 'homework-15-attestat'
INFO [2025-05-20 23:43:42,863]: name = 'warnings_errors' | ext = 'log' | dir = 'False' | parent = 'homework-15-attestat'
INFO [2025-05-20 23:43:42,864]: name = 'work1' | ext = 'py' | dir = 'False' | parent = 'homework-15-attestat'
INFO [2025-05-20 23:43:42,864]: name = 'work2' | ext = 'py' | dir = 'False' | parent = 'homework-15-attestat'
INFO [2025-05-20 23:43:42,864]: name = 'work3' | ext = 'py' | dir = 'False' | parent = 'homework-15-attestat'
INFO [2025-05-20 23:43:42,864]: name = 'work4' | ext = 'py' | dir = 'False' | parent = 'homework-15-attestat'
INFO [2025-05-20 23:43:42,864]: name = 'work5' | ext = 'log' | dir = 'False' | parent = 'homework-15-attestat'
INFO [2025-05-20 23:43:42,865]: name = 'work5' | ext = 'py' | dir = 'False' | parent = 'homework-15-attestat'
INFO [2025-05-20 23:43:42,865]: name = 'test' | ext = 'txt' | dir = 'False' | parent = 'testdir'
